<?xml version="1.0" encoding="UTF-8"?>
<!-- Generated by org.testng.reporters.JUnitXMLReporter -->
<testsuite hostname="ESEKAVDASP11067" ignored="1" tests="3" failures="0" timestamp="07 Feb 2019 06:55:35 GMT" time="2.958" errors="0">
  <testcase name="test1" time="0.031" classname="Test1"/>
  <testcase name="cobaGetCountry" time="2.342" classname="Test2"/>
  <testcase name="test2" time="0.002" classname="Test2"/>
  <testcase name="@BeforeSuite setUp" time="0.0" classname="BaseClass">
    <ignored/>
  </testcase> <!-- @BeforeSuite setUp -->
</testsuite>
